<?xml version="1.0" encoding="UTF-8"?>
<!-- Generated by org.testng.reporters.JUnitReportReporter -->
<testsuite hostname="DESKTOP-31RGVP0" name="com.cucumber.framework.runner.MyRunner" tests="1" failures="0" timestamp="14 Jan 2020 15:36:21 GMT" time="30.353" errors="0">
  <testcase name="feature" time="30.353" classname="com.cucumber.framework.runner.MyRunner"/>
</testsuite> <!-- com.cucumber.framework.runner.MyRunner -->
