<?xml version="1.0" encoding="UTF-8"?>
<!-- Generated by org.testng.reporters.JUnitReportReporter -->
<testsuite hostname="DESKTOP-31RGVP0" name="com.sia.module.runner.ConnectRunner" tests="1" failures="0" timestamp="15 Jan 2020 00:34:27 GMT" time="40.080" errors="0">
  <testcase name="feature" time="40.080" classname="com.sia.module.runner.ConnectRunner"/>
</testsuite> <!-- com.sia.module.runner.ConnectRunner -->
